# JRE version: OpenJDK Runtime Environment (21.0.5) (build 21.0.5+-12932927-b750.29)
# Java VM: OpenJDK 64-Bit Server VM (21.0.5+-12932927-b750.29, mixed mode, tiered, compressed oops, compressed class ptrs, g1 gc, windows-amd64)
GC Precious Log:
 CardTable entry size: 512
 Card Set container configuration: InlinePtr #cards 5 size 8 Array Of Cards #cards 12 size 40 Howl #buckets 4 coarsen threshold 1843 Howl Bitmap #cards 512 size 80 coarsen threshold 460 Card regions per heap region 1 cards per card region 2048
 CPUs: 12 total, 12 available
 Memory: 14188M
 Large Page Support: Disabled
 NUMA Support: Disabled
 Compressed Oops: Enabled (32-bit)
 Heap Region Size: 1M
 Heap Min Capacity: 8M
 Heap Initial Capacity: 222M
 Heap Max Capacity: 2G
 Pre-touch: Disabled
 Parallel Workers: 10
 Concurrent Workers: 3
 Concurrent Refinement Workers: 10
 Periodic GC: Disabled
Heap:
 garbage-first heap   total 130048K, used 93559K [0x0000000080000000, 0x0000000100000000)
  region size 1024K, 23 young (23552K), 5 survivors (5120K)
 Metaspace       used 85183K, committed 87104K, reserved 1179648K
  class space    used 11469K, committed 12416K, reserved 1048576K
GC Heap History (20 events):
Event: 5.507 GC heap before
{Heap before GC invocations=17 (full 0):
 garbage-first heap   total 96256K, used 82903K [0x0000000080000000, 0x0000000100000000)
  region size 1024K, 43 young (44032K), 6 survivors (6144K)
 Metaspace       used 66480K, committed 68096K, reserved 1114112K
  class space    used 9050K, committed 9856K, reserved 1048576K
}
Event: 5.510 GC heap after
{Heap after GC invocations=18 (full 0):
 garbage-first heap   total 96256K, used 47445K [0x0000000080000000, 0x0000000100000000)
  region size 1024K, 4 young (4096K), 4 survivors (4096K)
 Metaspace       used 66480K, committed 68096K, reserved 1114112K
  class space    used 9050K, committed 9856K, reserved 1048576K
}
Event: 5.597 GC heap before
{Heap before GC invocations=18 (full 0):
 garbage-first heap   total 96256K, used 83285K [0x0000000080000000, 0x0000000100000000)
  region size 1024K, 40 young (40960K), 4 survivors (4096K)
 Metaspace       used 66643K, committed 68224K, reserved 1114112K
  class space    used 9050K, committed 9856K, reserved 1048576K
}
Event: 5.599 GC heap after
{Heap after GC invocations=19 (full 0):
 garbage-first heap   total 96256K, used 48345K [0x0000000080000000, 0x0000000100000000)
  region size 1024K, 4 young (4096K), 4 survivors (4096K)
 Metaspace       used 66643K, committed 68224K, reserved 1114112K
  class space    used 9050K, committed 9856K, reserved 1048576K
}
Event: 5.682 GC heap before
{Heap before GC invocations=20 (full 0):
 garbage-first heap   total 96256K, used 83161K [0x0000000080000000, 0x0000000100000000)
  region size 1024K, 39 young (39936K), 4 survivors (4096K)
 Metaspace       used 66714K, committed 68352K, reserved 1114112K
  class space    used 9050K, committed 9856K, reserved 1048576K
}
Event: 5.684 GC heap after
{Heap after GC invocations=21 (full 0):
 garbage-first heap   total 96256K, used 49094K [0x0000000080000000, 0x0000000100000000)
  region size 1024K, 3 young (3072K), 3 survivors (3072K)
 Metaspace       used 66714K, committed 68352K, reserved 1114112K
  class space    used 9050K, committed 9856K, reserved 1048576K
}
Event: 5.925 GC heap before
{Heap before GC invocations=21 (full 0):
 garbage-first heap   total 96256K, used 91078K [0x0000000080000000, 0x0000000100000000)
  region size 1024K, 39 young (39936K), 3 survivors (3072K)
 Metaspace       used 67393K, committed 69056K, reserved 1114112K
  class space    used 9170K, committed 9984K, reserved 1048576K
}
Event: 5.928 GC heap after
{Heap after GC invocations=22 (full 0):
 garbage-first heap   total 121856K, used 58730K [0x0000000080000000, 0x0000000100000000)
  region size 1024K, 5 young (5120K), 5 survivors (5120K)
 Metaspace       used 67393K, committed 69056K, reserved 1114112K
  class space    used 9170K, committed 9984K, reserved 1048576K
}
Event: 6.350 GC heap before
{Heap before GC invocations=22 (full 0):
 garbage-first heap   total 121856K, used 105834K [0x0000000080000000, 0x0000000100000000)
  region size 1024K, 51 young (52224K), 5 survivors (5120K)
 Metaspace       used 71292K, committed 72960K, reserved 1114112K
  class space    used 9652K, committed 10496K, reserved 1048576K
}
Event: 6.353 GC heap after
{Heap after GC invocations=23 (full 0):
 garbage-first heap   total 121856K, used 62886K [0x0000000080000000, 0x0000000100000000)
  region size 1024K, 3 young (3072K), 3 survivors (3072K)
 Metaspace       used 71292K, committed 72960K, reserved 1114112K
  class space    used 9652K, committed 10496K, reserved 1048576K
}
Event: 6.730 GC heap before
{Heap before GC invocations=23 (full 0):
 garbage-first heap   total 121856K, used 107942K [0x0000000080000000, 0x0000000100000000)
  region size 1024K, 47 young (48128K), 3 survivors (3072K)
 Metaspace       used 76085K, committed 77888K, reserved 1179648K
  class space    used 10298K, committed 11200K, reserved 1048576K
}
Event: 6.732 GC heap after
{Heap after GC invocations=24 (full 0):
 garbage-first heap   total 121856K, used 64987K [0x0000000080000000, 0x0000000100000000)
  region size 1024K, 5 young (5120K), 5 survivors (5120K)
 Metaspace       used 76085K, committed 77888K, reserved 1179648K
  class space    used 10298K, committed 11200K, reserved 1048576K
}
Event: 6.804 GC heap before
{Heap before GC invocations=24 (full 0):
 garbage-first heap   total 121856K, used 68059K [0x0000000080000000, 0x0000000100000000)
  region size 1024K, 9 young (9216K), 5 survivors (5120K)
 Metaspace       used 77287K, committed 79040K, reserved 1179648K
  class space    used 10424K, committed 11328K, reserved 1048576K
}
Event: 6.807 GC heap after
{Heap after GC invocations=25 (full 0):
 garbage-first heap   total 121856K, used 65674K [0x0000000080000000, 0x0000000100000000)
  region size 1024K, 3 young (3072K), 3 survivors (3072K)
 Metaspace       used 77287K, committed 79040K, reserved 1179648K
  class space    used 10424K, committed 11328K, reserved 1048576K
}
Event: 7.112 GC heap before
{Heap before GC invocations=26 (full 0):
 garbage-first heap   total 121856K, used 112778K [0x0000000080000000, 0x0000000100000000)
  region size 1024K, 44 young (45056K), 3 survivors (3072K)
 Metaspace       used 79574K, committed 81408K, reserved 1179648K
  class space    used 10738K, committed 11648K, reserved 1048576K
}
Event: 7.115 GC heap after
{Heap after GC invocations=27 (full 0):
 garbage-first heap   total 121856K, used 70229K [0x0000000080000000, 0x0000000100000000)
  region size 1024K, 6 young (6144K), 6 survivors (6144K)
 Metaspace       used 79574K, committed 81408K, reserved 1179648K
  class space    used 10738K, committed 11648K, reserved 1048576K
}
Event: 7.413 GC heap before
{Heap before GC invocations=27 (full 0):
 garbage-first heap   total 121856K, used 108117K [0x0000000080000000, 0x0000000100000000)
  region size 1024K, 43 young (44032K), 6 survivors (6144K)
 Metaspace       used 82353K, committed 84224K, reserved 1179648K
  class space    used 11087K, committed 12032K, reserved 1048576K
}
Event: 7.417 GC heap after
{Heap after GC invocations=28 (full 0):
 garbage-first heap   total 121856K, used 74064K [0x0000000080000000, 0x0000000100000000)
  region size 1024K, 5 young (5120K), 5 survivors (5120K)
 Metaspace       used 82353K, committed 84224K, reserved 1179648K
  class space    used 11087K, committed 12032K, reserved 1048576K
}
Event: 7.642 GC heap before
{Heap before GC invocations=28 (full 0):
 garbage-first heap   total 121856K, used 108880K [0x0000000080000000, 0x0000000100000000)
  region size 1024K, 39 young (39936K), 5 survivors (5120K)
 Metaspace       used 83929K, committed 85824K, reserved 1179648K
  class space    used 11276K, committed 12224K, reserved 1048576K
}
Event: 7.644 GC heap after
{Heap after GC invocations=29 (full 0):
 garbage-first heap   total 121856K, used 76151K [0x0000000080000000, 0x0000000100000000)
  region size 1024K, 5 young (5120K), 5 survivors (5120K)
 Metaspace       used 83929K, committed 85824K, reserved 1179648K
  class space    used 11276K, committed 12224K, reserved 1048576K
}

