# JRE version: OpenJDK Runtime Environment (21.0.5) (build 21.0.5+-12932927-b750.29)
# Java VM: OpenJDK 64-Bit Server VM (21.0.5+-12932927-b750.29, mixed mode, tiered, compressed oops, compressed class ptrs, g1 gc, windows-amd64)
GC Precious Log:
 CardTable entry size: 512
 Card Set container configuration: InlinePtr #cards 5 size 8 Array Of Cards #cards 12 size 40 Howl #buckets 4 coarsen threshold 1843 Howl Bitmap #cards 512 size 80 coarsen threshold 460 Card regions per heap region 1 cards per card region 2048
 CPUs: 12 total, 12 available
 Memory: 14188M
 Large Page Support: Disabled
 NUMA Support: Disabled
 Compressed Oops: Enabled (32-bit)
 Heap Region Size: 1M
 Heap Min Capacity: 8M
 Heap Initial Capacity: 222M
 Heap Max Capacity: 2G
 Pre-touch: Disabled
 Parallel Workers: 10
 Concurrent Workers: 3
 Concurrent Refinement Workers: 10
 Periodic GC: Disabled
Heap:
 garbage-first heap   total 178176K, used 113260K [0x0000000080000000, 0x0000000100000000)
  region size 1024K, 12 young (12288K), 4 survivors (4096K)
 Metaspace       used 106903K, committed 109056K, reserved 1179648K
  class space    used 14614K, committed 15680K, reserved 1048576K
GC Heap History (20 events):
Event: 11.982 GC heap before
{Heap before GC invocations=25 (full 0):
 garbage-first heap   total 116736K, used 102977K [0x0000000080000000, 0x0000000100000000)
  region size 1024K, 30 young (30720K), 5 survivors (5120K)
 Metaspace       used 78579K, committed 80384K, reserved 1179648K
  class space    used 10495K, committed 11392K, reserved 1048576K
}
Event: 11.985 GC heap after
{Heap after GC invocations=26 (full 0):
 garbage-first heap   total 116736K, used 79634K [0x0000000080000000, 0x0000000100000000)
  region size 1024K, 2 young (2048K), 2 survivors (2048K)
 Metaspace       used 78579K, committed 80384K, reserved 1179648K
  class space    used 10495K, committed 11392K, reserved 1048576K
}
Event: 12.340 GC heap before
{Heap before GC invocations=27 (full 0):
 garbage-first heap   total 135168K, used 105234K [0x0000000080000000, 0x0000000100000000)
  region size 1024K, 27 young (27648K), 2 survivors (2048K)
 Metaspace       used 81296K, committed 83136K, reserved 1179648K
  class space    used 10902K, committed 11840K, reserved 1048576K
}
Event: 12.342 GC heap after
{Heap after GC invocations=28 (full 0):
 garbage-first heap   total 135168K, used 80244K [0x0000000080000000, 0x0000000100000000)
  region size 1024K, 2 young (2048K), 2 survivors (2048K)
 Metaspace       used 81296K, committed 83136K, reserved 1179648K
  class space    used 10902K, committed 11840K, reserved 1048576K
}
Event: 12.774 GC heap before
{Heap before GC invocations=28 (full 0):
 garbage-first heap   total 135168K, used 128372K [0x0000000080000000, 0x0000000100000000)
  region size 1024K, 45 young (46080K), 2 survivors (2048K)
 Metaspace       used 83950K, committed 85760K, reserved 1179648K
  class space    used 11275K, committed 12160K, reserved 1048576K
}
Event: 12.778 GC heap after
{Heap after GC invocations=29 (full 0):
 garbage-first heap   total 138240K, used 85167K [0x0000000080000000, 0x0000000100000000)
  region size 1024K, 6 young (6144K), 6 survivors (6144K)
 Metaspace       used 83950K, committed 85760K, reserved 1179648K
  class space    used 11275K, committed 12160K, reserved 1048576K
}
Event: 13.175 GC heap before
{Heap before GC invocations=29 (full 0):
 garbage-first heap   total 138240K, used 123055K [0x0000000080000000, 0x0000000100000000)
  region size 1024K, 43 young (44032K), 6 survivors (6144K)
 Metaspace       used 86766K, committed 88640K, reserved 1179648K
  class space    used 11628K, committed 12544K, reserved 1048576K
}
Event: 13.179 GC heap after
{Heap after GC invocations=30 (full 0):
 garbage-first heap   total 138240K, used 87683K [0x0000000080000000, 0x0000000100000000)
  region size 1024K, 3 young (3072K), 3 survivors (3072K)
 Metaspace       used 86766K, committed 88640K, reserved 1179648K
  class space    used 11628K, committed 12544K, reserved 1048576K
}
Event: 13.680 GC heap before
{Heap before GC invocations=31 (full 0):
 garbage-first heap   total 148480K, used 125571K [0x0000000080000000, 0x0000000100000000)
  region size 1024K, 40 young (40960K), 3 survivors (3072K)
 Metaspace       used 88303K, committed 90240K, reserved 1179648K
  class space    used 11818K, committed 12800K, reserved 1048576K
}
Event: 13.684 GC heap after
{Heap after GC invocations=32 (full 0):
 garbage-first heap   total 148480K, used 91944K [0x0000000080000000, 0x0000000100000000)
  region size 1024K, 5 young (5120K), 5 survivors (5120K)
 Metaspace       used 88303K, committed 90240K, reserved 1179648K
  class space    used 11818K, committed 12800K, reserved 1048576K
}
Event: 14.116 GC heap before
{Heap before GC invocations=32 (full 0):
 garbage-first heap   total 148480K, used 134952K [0x0000000080000000, 0x0000000100000000)
  region size 1024K, 47 young (48128K), 5 survivors (5120K)
 Metaspace       used 91545K, committed 93504K, reserved 1179648K
  class space    used 12261K, committed 13248K, reserved 1048576K
}
Event: 14.120 GC heap after
{Heap after GC invocations=33 (full 0):
 garbage-first heap   total 148480K, used 93286K [0x0000000080000000, 0x0000000100000000)
  region size 1024K, 2 young (2048K), 2 survivors (2048K)
 Metaspace       used 91545K, committed 93504K, reserved 1179648K
  class space    used 12261K, committed 13248K, reserved 1048576K
}
Event: 14.609 GC heap before
{Heap before GC invocations=33 (full 0):
 garbage-first heap   total 148480K, used 136294K [0x0000000080000000, 0x0000000100000000)
  region size 1024K, 44 young (45056K), 2 survivors (2048K)
 Metaspace       used 95225K, committed 97216K, reserved 1179648K
  class space    used 12929K, committed 13952K, reserved 1048576K
}
Event: 14.612 GC heap after
{Heap after GC invocations=34 (full 0):
 garbage-first heap   total 178176K, used 94792K [0x0000000080000000, 0x0000000100000000)
  region size 1024K, 4 young (4096K), 4 survivors (4096K)
 Metaspace       used 95225K, committed 97216K, reserved 1179648K
  class space    used 12929K, committed 13952K, reserved 1048576K
}
Event: 36.367 GC heap before
{Heap before GC invocations=35 (full 0):
 garbage-first heap   total 178176K, used 162376K [0x0000000080000000, 0x0000000100000000)
  region size 1024K, 70 young (71680K), 4 survivors (4096K)
 Metaspace       used 98429K, committed 100416K, reserved 1179648K
  class space    used 13459K, committed 14464K, reserved 1048576K
}
Event: 36.372 GC heap after
{Heap after GC invocations=36 (full 0):
 garbage-first heap   total 178176K, used 97236K [0x0000000080000000, 0x0000000100000000)
  region size 1024K, 6 young (6144K), 6 survivors (6144K)
 Metaspace       used 98429K, committed 100416K, reserved 1179648K
  class space    used 13459K, committed 14464K, reserved 1048576K
}
Event: 37.077 GC heap before
{Heap before GC invocations=36 (full 0):
 garbage-first heap   total 178176K, used 160724K [0x0000000080000000, 0x0000000100000000)
  region size 1024K, 68 young (69632K), 6 survivors (6144K)
 Metaspace       used 101422K, committed 103424K, reserved 1179648K
  class space    used 13832K, committed 14848K, reserved 1048576K
}
Event: 37.083 GC heap after
{Heap after GC invocations=37 (full 0):
 garbage-first heap   total 178176K, used 101727K [0x0000000080000000, 0x0000000100000000)
  region size 1024K, 9 young (9216K), 9 survivors (9216K)
 Metaspace       used 101422K, committed 103424K, reserved 1179648K
  class space    used 13832K, committed 14848K, reserved 1048576K
}
Event: 37.632 GC heap before
{Heap before GC invocations=37 (full 0):
 garbage-first heap   total 178176K, used 158047K [0x0000000080000000, 0x0000000100000000)
  region size 1024K, 64 young (65536K), 9 survivors (9216K)
 Metaspace       used 106500K, committed 108672K, reserved 1179648K
  class space    used 14546K, committed 15616K, reserved 1048576K
}
Event: 37.638 GC heap after
{Heap after GC invocations=38 (full 0):
 garbage-first heap   total 178176K, used 106092K [0x0000000080000000, 0x0000000100000000)
  region size 1024K, 4 young (4096K), 4 survivors (4096K)
 Metaspace       used 106500K, committed 108672K, reserved 1179648K
  class space    used 14546K, committed 15616K, reserved 1048576K
}

