# JRE version: OpenJDK Runtime Environment (21.0.5) (build 21.0.5+-12932927-b750.29)
# Java VM: OpenJDK 64-Bit Server VM (21.0.5+-12932927-b750.29, mixed mode, tiered, compressed oops, compressed class ptrs, g1 gc, windows-amd64)
GC Precious Log:
 CardTable entry size: 512
 Card Set container configuration: InlinePtr #cards 5 size 8 Array Of Cards #cards 12 size 40 Howl #buckets 4 coarsen threshold 1843 Howl Bitmap #cards 512 size 80 coarsen threshold 460 Card regions per heap region 1 cards per card region 2048
 CPUs: 12 total, 12 available
 Memory: 14188M
 Large Page Support: Disabled
 NUMA Support: Disabled
 Compressed Oops: Enabled (32-bit)
 Heap Region Size: 1M
 Heap Min Capacity: 8M
 Heap Initial Capacity: 222M
 Heap Max Capacity: 2G
 Pre-touch: Disabled
 Parallel Workers: 10
 Concurrent Workers: 3
 Concurrent Refinement Workers: 10
 Periodic GC: Disabled
Heap:
 garbage-first heap   total 137216K, used 85020K [0x0000000080000000, 0x0000000100000000)
  region size 1024K, 5 young (5120K), 5 survivors (5120K)
 Metaspace       used 101244K, committed 103424K, reserved 1179648K
  class space    used 13971K, committed 15040K, reserved 1048576K
GC Heap History (20 events):
Event: 6.596 GC heap after
{Heap after GC invocations=22 (full 0):
 garbage-first heap   total 128000K, used 60994K [0x0000000080000000, 0x0000000100000000)
  region size 1024K, 6 young (6144K), 6 survivors (6144K)
 Metaspace       used 69614K, committed 71232K, reserved 1114112K
  class space    used 9445K, committed 10240K, reserved 1048576K
}
Event: 7.076 GC heap before
{Heap before GC invocations=22 (full 0):
 garbage-first heap   total 128000K, used 111170K [0x0000000080000000, 0x0000000100000000)
  region size 1024K, 56 young (57344K), 6 survivors (6144K)
 Metaspace       used 74933K, committed 76672K, reserved 1179648K
  class space    used 10107K, committed 10944K, reserved 1048576K
}
Event: 7.079 GC heap after
{Heap after GC invocations=23 (full 0):
 garbage-first heap   total 128000K, used 63049K [0x0000000080000000, 0x0000000100000000)
  region size 1024K, 2 young (2048K), 2 survivors (2048K)
 Metaspace       used 74933K, committed 76672K, reserved 1179648K
  class space    used 10107K, committed 10944K, reserved 1048576K
}
Event: 7.269 GC heap before
{Heap before GC invocations=23 (full 0):
 garbage-first heap   total 128000K, used 79433K [0x0000000080000000, 0x0000000100000000)
  region size 1024K, 19 young (19456K), 2 survivors (2048K)
 Metaspace       used 77363K, committed 79168K, reserved 1179648K
  class space    used 10439K, committed 11328K, reserved 1048576K
}
Event: 7.271 GC heap after
{Heap after GC invocations=24 (full 0):
 garbage-first heap   total 128000K, used 65198K [0x0000000080000000, 0x0000000100000000)
  region size 1024K, 4 young (4096K), 4 survivors (4096K)
 Metaspace       used 77363K, committed 79168K, reserved 1179648K
  class space    used 10439K, committed 11328K, reserved 1048576K
}
Event: 7.648 GC heap before
{Heap before GC invocations=25 (full 0):
 garbage-first heap   total 128000K, used 120494K [0x0000000080000000, 0x0000000100000000)
  region size 1024K, 53 young (54272K), 4 survivors (4096K)
 Metaspace       used 80265K, committed 82048K, reserved 1179648K
  class space    used 10828K, committed 11712K, reserved 1048576K
}
Event: 7.651 GC heap after
{Heap after GC invocations=26 (full 0):
 garbage-first heap   total 129024K, used 70064K [0x0000000080000000, 0x0000000100000000)
  region size 1024K, 7 young (7168K), 7 survivors (7168K)
 Metaspace       used 80265K, committed 82048K, reserved 1179648K
  class space    used 10828K, committed 11712K, reserved 1048576K
}
Event: 7.962 GC heap before
{Heap before GC invocations=26 (full 0):
 garbage-first heap   total 129024K, used 114096K [0x0000000080000000, 0x0000000100000000)
  region size 1024K, 50 young (51200K), 7 survivors (7168K)
 Metaspace       used 82502K, committed 84416K, reserved 1179648K
  class space    used 11112K, committed 12096K, reserved 1048576K
}
Event: 7.966 GC heap after
{Heap after GC invocations=27 (full 0):
 garbage-first heap   total 129024K, used 74247K [0x0000000080000000, 0x0000000100000000)
  region size 1024K, 5 young (5120K), 5 survivors (5120K)
 Metaspace       used 82502K, committed 84416K, reserved 1179648K
  class space    used 11112K, committed 12096K, reserved 1048576K
}
Event: 8.275 GC heap before
{Heap before GC invocations=27 (full 0):
 garbage-first heap   total 129024K, used 112135K [0x0000000080000000, 0x0000000100000000)
  region size 1024K, 43 young (44032K), 5 survivors (5120K)
 Metaspace       used 85288K, committed 87232K, reserved 1179648K
  class space    used 11480K, committed 12480K, reserved 1048576K
}
Event: 8.279 GC heap after
{Heap after GC invocations=28 (full 0):
 garbage-first heap   total 129024K, used 76758K [0x0000000080000000, 0x0000000100000000)
  region size 1024K, 3 young (3072K), 3 survivors (3072K)
 Metaspace       used 85288K, committed 87232K, reserved 1179648K
  class space    used 11480K, committed 12480K, reserved 1048576K
}
Event: 8.653 GC heap before
{Heap before GC invocations=29 (full 0):
 garbage-first heap   total 132096K, used 117718K [0x0000000080000000, 0x0000000100000000)
  region size 1024K, 42 young (43008K), 3 survivors (3072K)
 Metaspace       used 88478K, committed 90432K, reserved 1179648K
  class space    used 12048K, committed 13056K, reserved 1048576K
}
Event: 8.655 GC heap after
{Heap after GC invocations=30 (full 0):
 garbage-first heap   total 132096K, used 77355K [0x0000000080000000, 0x0000000100000000)
  region size 1024K, 4 young (4096K), 4 survivors (4096K)
 Metaspace       used 88478K, committed 90432K, reserved 1179648K
  class space    used 12048K, committed 13056K, reserved 1048576K
}
Event: 9.000 GC heap before
{Heap before GC invocations=30 (full 0):
 garbage-first heap   total 132096K, used 119339K [0x0000000080000000, 0x0000000100000000)
  region size 1024K, 45 young (46080K), 4 survivors (4096K)
 Metaspace       used 91764K, committed 93760K, reserved 1179648K
  class space    used 12541K, committed 13568K, reserved 1048576K
}
Event: 9.004 GC heap after
{Heap after GC invocations=31 (full 0):
 garbage-first heap   total 132096K, used 78328K [0x0000000080000000, 0x0000000100000000)
  region size 1024K, 6 young (6144K), 6 survivors (6144K)
 Metaspace       used 91764K, committed 93760K, reserved 1179648K
  class space    used 12541K, committed 13568K, reserved 1048576K
}
Event: 9.341 GC heap before
{Heap before GC invocations=31 (full 0):
 garbage-first heap   total 132096K, used 117240K [0x0000000080000000, 0x0000000100000000)
  region size 1024K, 44 young (45056K), 6 survivors (6144K)
 Metaspace       used 94936K, committed 96960K, reserved 1179648K
  class space    used 13007K, committed 14016K, reserved 1048576K
}
Event: 9.346 GC heap after
{Heap after GC invocations=32 (full 0):
 garbage-first heap   total 132096K, used 80760K [0x0000000080000000, 0x0000000100000000)
  region size 1024K, 6 young (6144K), 6 survivors (6144K)
 Metaspace       used 94936K, committed 96960K, reserved 1179648K
  class space    used 13007K, committed 14016K, reserved 1048576K
}
Event: 9.678 GC heap before
{Heap before GC invocations=33 (full 0):
 garbage-first heap   total 137216K, used 116600K [0x0000000080000000, 0x0000000100000000)
  region size 1024K, 41 young (41984K), 6 survivors (6144K)
 Metaspace       used 98502K, committed 100608K, reserved 1179648K
  class space    used 13545K, committed 14592K, reserved 1048576K
}
Event: 9.681 GC heap after
{Heap after GC invocations=34 (full 0):
 garbage-first heap   total 137216K, used 82716K [0x0000000080000000, 0x0000000100000000)
  region size 1024K, 5 young (5120K), 5 survivors (5120K)
 Metaspace       used 98502K, committed 100608K, reserved 1179648K
  class space    used 13545K, committed 14592K, reserved 1048576K
}
Event: 10.008 GC heap before
{Heap before GC invocations=34 (full 0):
 garbage-first heap   total 137216K, used 121628K [0x0000000080000000, 0x0000000100000000)
  region size 1024K, 44 young (45056K), 5 survivors (5120K)
 Metaspace       used 101244K, committed 103424K, reserved 1179648K
  class space    used 13971K, committed 15040K, reserved 1048576K
}

